Setting benchmark by name: benchmark://cbench-v1/adpcm
Setting benchmark by name: benchmark://cbench-v1/adpcm
Setting benchmark by name: benchmark://cbench-v1/adpcm
Setting benchmark by name: benchmark://cbench-v1/adpcm
Setting benchmark by name: benchmark://cbench-v1/adpcm
Setting benchmark by name: benchmark://cbench-v1/adpcm
Setting benchmark by name: benchmark://cbench-v1/adpcm
Setting benchmark by name: benchmark://cbench-v1/adpcm
Setting benchmark by name: benchmark://cbench-v1/adpcm
Setting benchmark by name: benchmark://cbench-v1/adpcm
Setting benchmark by name: benchmark://cbench-v1/bitcount
Setting benchmark by name: benchmark://cbench-v1/bitcount
Setting benchmark by name: benchmark://cbench-v1/bitcount
Setting benchmark by name: benchmark://cbench-v1/bitcount
Setting benchmark by name: benchmark://cbench-v1/bitcount
Setting benchmark by name: benchmark://cbench-v1/bitcount
Setting benchmark by name: benchmark://cbench-v1/bitcount
Setting benchmark by name: benchmark://cbench-v1/bitcount
Setting benchmark by name: benchmark://cbench-v1/bitcount
Setting benchmark by name: benchmark://cbench-v1/bitcount
Setting benchmark by name: benchmark://cbench-v1/blowfish
Setting benchmark by name: benchmark://cbench-v1/blowfish
Setting benchmark by name: benchmark://cbench-v1/blowfish
Setting benchmark by name: benchmark://cbench-v1/blowfish
Setting benchmark by name: benchmark://cbench-v1/blowfish
Setting benchmark by name: benchmark://cbench-v1/blowfish
Setting benchmark by name: benchmark://cbench-v1/blowfish
Setting benchmark by name: benchmark://cbench-v1/blowfish
Setting benchmark by name: benchmark://cbench-v1/blowfish
Setting benchmark by name: benchmark://cbench-v1/blowfish
Setting benchmark by name: benchmark://cbench-v1/bzip2
Setting benchmark by name: benchmark://cbench-v1/bzip2
Setting benchmark by name: benchmark://cbench-v1/bzip2
Setting benchmark by name: benchmark://cbench-v1/bzip2
Setting benchmark by name: benchmark://cbench-v1/bzip2
Setting benchmark by name: benchmark://cbench-v1/bzip2
Setting benchmark by name: benchmark://cbench-v1/bzip2
Setting benchmark by name: benchmark://cbench-v1/bzip2
Setting benchmark by name: benchmark://cbench-v1/bzip2
Setting benchmark by name: benchmark://cbench-v1/bzip2
Setting benchmark by name: benchmark://cbench-v1/crc32
Setting benchmark by name: benchmark://cbench-v1/crc32
Setting benchmark by name: benchmark://cbench-v1/crc32
Setting benchmark by name: benchmark://cbench-v1/crc32
Setting benchmark by name: benchmark://cbench-v1/crc32
Setting benchmark by name: benchmark://cbench-v1/crc32
Setting benchmark by name: benchmark://cbench-v1/crc32
Setting benchmark by name: benchmark://cbench-v1/crc32
Setting benchmark by name: benchmark://cbench-v1/crc32
Setting benchmark by name: benchmark://cbench-v1/crc32
Setting benchmark by name: benchmark://cbench-v1/dijkstra
Setting benchmark by name: benchmark://cbench-v1/dijkstra
Setting benchmark by name: benchmark://cbench-v1/dijkstra
Setting benchmark by name: benchmark://cbench-v1/dijkstra
Setting benchmark by name: benchmark://cbench-v1/dijkstra
Setting benchmark by name: benchmark://cbench-v1/dijkstra
Setting benchmark by name: benchmark://cbench-v1/dijkstra
Setting benchmark by name: benchmark://cbench-v1/dijkstra
Setting benchmark by name: benchmark://cbench-v1/dijkstra
Setting benchmark by name: benchmark://cbench-v1/dijkstra
Setting benchmark by name: benchmark://cbench-v1/ghostscript
Setting benchmark by name: benchmark://cbench-v1/ghostscript
Setting benchmark by name: benchmark://cbench-v1/ghostscript
Setting benchmark by name: benchmark://cbench-v1/ghostscript
Setting benchmark by name: benchmark://cbench-v1/ghostscript
Setting benchmark by name: benchmark://cbench-v1/ghostscript
Setting benchmark by name: benchmark://cbench-v1/ghostscript
Setting benchmark by name: benchmark://cbench-v1/ghostscript
Setting benchmark by name: benchmark://cbench-v1/ghostscript
Setting benchmark by name: benchmark://cbench-v1/ghostscript
Setting benchmark by name: benchmark://cbench-v1/gsm
Setting benchmark by name: benchmark://cbench-v1/gsm
Setting benchmark by name: benchmark://cbench-v1/gsm
Setting benchmark by name: benchmark://cbench-v1/gsm
Setting benchmark by name: benchmark://cbench-v1/gsm
Setting benchmark by name: benchmark://cbench-v1/gsm
Setting benchmark by name: benchmark://cbench-v1/gsm
Setting benchmark by name: benchmark://cbench-v1/gsm
Setting benchmark by name: benchmark://cbench-v1/gsm
Setting benchmark by name: benchmark://cbench-v1/gsm
Setting benchmark by name: benchmark://cbench-v1/ispell
Setting benchmark by name: benchmark://cbench-v1/ispell
Setting benchmark by name: benchmark://cbench-v1/ispell
Setting benchmark by name: benchmark://cbench-v1/ispell
Setting benchmark by name: benchmark://cbench-v1/ispell
Setting benchmark by name: benchmark://cbench-v1/ispell
Setting benchmark by name: benchmark://cbench-v1/ispell
Setting benchmark by name: benchmark://cbench-v1/ispell
Setting benchmark by name: benchmark://cbench-v1/ispell
Setting benchmark by name: benchmark://cbench-v1/ispell
Setting benchmark by name: benchmark://cbench-v1/jpeg-c
Setting benchmark by name: benchmark://cbench-v1/jpeg-c
Setting benchmark by name: benchmark://cbench-v1/jpeg-c
Setting benchmark by name: benchmark://cbench-v1/jpeg-c
Setting benchmark by name: benchmark://cbench-v1/jpeg-c
Setting benchmark by name: benchmark://cbench-v1/jpeg-c
Setting benchmark by name: benchmark://cbench-v1/jpeg-c
Setting benchmark by name: benchmark://cbench-v1/jpeg-c
Setting benchmark by name: benchmark://cbench-v1/jpeg-c
Setting benchmark by name: benchmark://cbench-v1/jpeg-c
Setting benchmark by name: benchmark://cbench-v1/jpeg-d
Setting benchmark by name: benchmark://cbench-v1/jpeg-d
Setting benchmark by name: benchmark://cbench-v1/jpeg-d
Setting benchmark by name: benchmark://cbench-v1/jpeg-d
Setting benchmark by name: benchmark://cbench-v1/jpeg-d
Setting benchmark by name: benchmark://cbench-v1/jpeg-d
Setting benchmark by name: benchmark://cbench-v1/jpeg-d
Setting benchmark by name: benchmark://cbench-v1/jpeg-d
Setting benchmark by name: benchmark://cbench-v1/jpeg-d
Setting benchmark by name: benchmark://cbench-v1/jpeg-d
Setting benchmark by name: benchmark://cbench-v1/lame
Setting benchmark by name: benchmark://cbench-v1/lame
Setting benchmark by name: benchmark://cbench-v1/lame
Setting benchmark by name: benchmark://cbench-v1/lame
Setting benchmark by name: benchmark://cbench-v1/lame
Setting benchmark by name: benchmark://cbench-v1/lame
Setting benchmark by name: benchmark://cbench-v1/lame
Setting benchmark by name: benchmark://cbench-v1/lame
Setting benchmark by name: benchmark://cbench-v1/lame
Setting benchmark by name: benchmark://cbench-v1/lame
Setting benchmark by name: benchmark://cbench-v1/patricia
Setting benchmark by name: benchmark://cbench-v1/patricia
Setting benchmark by name: benchmark://cbench-v1/patricia
Setting benchmark by name: benchmark://cbench-v1/patricia
Setting benchmark by name: benchmark://cbench-v1/patricia
Setting benchmark by name: benchmark://cbench-v1/patricia
Setting benchmark by name: benchmark://cbench-v1/patricia
Setting benchmark by name: benchmark://cbench-v1/patricia
Setting benchmark by name: benchmark://cbench-v1/patricia
Setting benchmark by name: benchmark://cbench-v1/patricia
Setting benchmark by name: benchmark://cbench-v1/qsort
Setting benchmark by name: benchmark://cbench-v1/qsort
Setting benchmark by name: benchmark://cbench-v1/qsort
Setting benchmark by name: benchmark://cbench-v1/qsort
Setting benchmark by name: benchmark://cbench-v1/qsort
Setting benchmark by name: benchmark://cbench-v1/qsort
Setting benchmark by name: benchmark://cbench-v1/qsort
Setting benchmark by name: benchmark://cbench-v1/qsort
Setting benchmark by name: benchmark://cbench-v1/qsort
Setting benchmark by name: benchmark://cbench-v1/qsort
Setting benchmark by name: benchmark://cbench-v1/rijndael
Setting benchmark by name: benchmark://cbench-v1/rijndael
Setting benchmark by name: benchmark://cbench-v1/rijndael
Setting benchmark by name: benchmark://cbench-v1/rijndael
Setting benchmark by name: benchmark://cbench-v1/rijndael
Setting benchmark by name: benchmark://cbench-v1/rijndael
Setting benchmark by name: benchmark://cbench-v1/rijndael
Setting benchmark by name: benchmark://cbench-v1/rijndael
Setting benchmark by name: benchmark://cbench-v1/rijndael
Setting benchmark by name: benchmark://cbench-v1/rijndael
Setting benchmark by name: benchmark://cbench-v1/sha
Setting benchmark by name: benchmark://cbench-v1/sha
Setting benchmark by name: benchmark://cbench-v1/sha
Setting benchmark by name: benchmark://cbench-v1/sha
Setting benchmark by name: benchmark://cbench-v1/sha
Setting benchmark by name: benchmark://cbench-v1/sha
Setting benchmark by name: benchmark://cbench-v1/sha
Setting benchmark by name: benchmark://cbench-v1/sha
Setting benchmark by name: benchmark://cbench-v1/sha
Setting benchmark by name: benchmark://cbench-v1/sha
Setting benchmark by name: benchmark://cbench-v1/stringsearch
Setting benchmark by name: benchmark://cbench-v1/stringsearch
Setting benchmark by name: benchmark://cbench-v1/stringsearch
Setting benchmark by name: benchmark://cbench-v1/stringsearch
Setting benchmark by name: benchmark://cbench-v1/stringsearch
Setting benchmark by name: benchmark://cbench-v1/stringsearch
Setting benchmark by name: benchmark://cbench-v1/stringsearch
Setting benchmark by name: benchmark://cbench-v1/stringsearch
Setting benchmark by name: benchmark://cbench-v1/stringsearch
Setting benchmark by name: benchmark://cbench-v1/stringsearch
Setting benchmark by name: benchmark://cbench-v1/stringsearch2
Setting benchmark by name: benchmark://cbench-v1/stringsearch2
Setting benchmark by name: benchmark://cbench-v1/stringsearch2
Setting benchmark by name: benchmark://cbench-v1/stringsearch2
Setting benchmark by name: benchmark://cbench-v1/stringsearch2
Setting benchmark by name: benchmark://cbench-v1/stringsearch2
Setting benchmark by name: benchmark://cbench-v1/stringsearch2
Setting benchmark by name: benchmark://cbench-v1/stringsearch2
Setting benchmark by name: benchmark://cbench-v1/stringsearch2
Setting benchmark by name: benchmark://cbench-v1/stringsearch2
Setting benchmark by name: benchmark://cbench-v1/susan
Setting benchmark by name: benchmark://cbench-v1/susan
Setting benchmark by name: benchmark://cbench-v1/susan
Setting benchmark by name: benchmark://cbench-v1/susan
Setting benchmark by name: benchmark://cbench-v1/susan
Setting benchmark by name: benchmark://cbench-v1/susan
Setting benchmark by name: benchmark://cbench-v1/susan
Setting benchmark by name: benchmark://cbench-v1/susan
Setting benchmark by name: benchmark://cbench-v1/susan
Setting benchmark by name: benchmark://cbench-v1/susan
Setting benchmark by name: benchmark://cbench-v1/tiff2bw
Setting benchmark by name: benchmark://cbench-v1/tiff2bw
Setting benchmark by name: benchmark://cbench-v1/tiff2bw
Setting benchmark by name: benchmark://cbench-v1/tiff2bw
Setting benchmark by name: benchmark://cbench-v1/tiff2bw
Setting benchmark by name: benchmark://cbench-v1/tiff2bw
Setting benchmark by name: benchmark://cbench-v1/tiff2bw
Setting benchmark by name: benchmark://cbench-v1/tiff2bw
Setting benchmark by name: benchmark://cbench-v1/tiff2bw
Setting benchmark by name: benchmark://cbench-v1/tiff2bw
Setting benchmark by name: benchmark://cbench-v1/tiff2rgba
Setting benchmark by name: benchmark://cbench-v1/tiff2rgba
Setting benchmark by name: benchmark://cbench-v1/tiff2rgba
Setting benchmark by name: benchmark://cbench-v1/tiff2rgba
Setting benchmark by name: benchmark://cbench-v1/tiff2rgba
Setting benchmark by name: benchmark://cbench-v1/tiff2rgba
Setting benchmark by name: benchmark://cbench-v1/tiff2rgba
Setting benchmark by name: benchmark://cbench-v1/tiff2rgba
Setting benchmark by name: benchmark://cbench-v1/tiff2rgba
Setting benchmark by name: benchmark://cbench-v1/tiff2rgba
Setting benchmark by name: benchmark://cbench-v1/tiffdither
Setting benchmark by name: benchmark://cbench-v1/tiffdither
Setting benchmark by name: benchmark://cbench-v1/tiffdither
Setting benchmark by name: benchmark://cbench-v1/tiffdither
Setting benchmark by name: benchmark://cbench-v1/tiffdither
Setting benchmark by name: benchmark://cbench-v1/tiffdither
Setting benchmark by name: benchmark://cbench-v1/tiffdither
Setting benchmark by name: benchmark://cbench-v1/tiffdither
Setting benchmark by name: benchmark://cbench-v1/tiffdither
Setting benchmark by name: benchmark://cbench-v1/tiffdither
Setting benchmark by name: benchmark://cbench-v1/tiffmedian
Setting benchmark by name: benchmark://cbench-v1/tiffmedian
Setting benchmark by name: benchmark://cbench-v1/tiffmedian
Setting benchmark by name: benchmark://cbench-v1/tiffmedian
Setting benchmark by name: benchmark://cbench-v1/tiffmedian
Setting benchmark by name: benchmark://cbench-v1/tiffmedian
Setting benchmark by name: benchmark://cbench-v1/tiffmedian
Setting benchmark by name: benchmark://cbench-v1/tiffmedian
Setting benchmark by name: benchmark://cbench-v1/tiffmedian
Setting benchmark by name: benchmark://cbench-v1/tiffmedian
